<?xml version="1.0" encoding="UTF-8"?>
<!-- Generated by org.testng.reporters.JUnitReportReporter -->
<testsuite hostname="SUBHADEEP" failures="0" tests="1" name="Practice.Parameter" time="5.494" errors="0" timestamp="2023-04-21T18:19:39 IST" skipped="0">
  <testcase classname="Practice.Parameter" name="parameter" time="5.494"/>
  <system-out/>
</testsuite> <!-- Practice.Parameter -->
