<?xml version="1.0" encoding="UTF-8"?>
<!-- Generated by org.testng.reporters.JUnitReportReporter -->
<testsuite hostname="SUBHADEEP" failures="0" tests="1" name="Practice.Demo" time="0.008" errors="0" timestamp="2023-04-21T11:54:56 IST" skipped="0">
  <testcase classname="Practice.Demo" name="method" time="0.008"/>
  <system-out/>
</testsuite> <!-- Practice.Demo -->
